<?xml version="1.0" encoding="UTF-8"?>
<testsuite xmlns:xsi="http://www.w3.org/2001/XMLSchema-instance" xsi:noNamespaceSchemaLocation="https://maven.apache.org/surefire/maven-surefire-plugin/xsd/surefire-test-report-3.0.xsd" version="3.0" name="scanner.LanguageScreenTest" time="1372.75" tests="10" errors="0" skipped="0" failures="0">
  <properties>
[...]
</properties>
  <testcase name="tc01_LanguageScreenLoads" classname="scanner.LanguageScreenTest" time="10.449">
    <system-out><![CDATA[Device: 10BG3702ZC0021T

===== TC01: Language Screen Loads =====
Activity: .newcode.activity.LanguageActivity
PASS — Language screen loaded: .newcode.activity.LanguageActivity
]]></system-out>
    <system-err><![CDATA[SLF4J: No SLF4J providers were found.
SLF4J: Defaulting to no-operation (NOP) logger implementation
SLF4J: See https://www.slf4j.org/codes.html#noProviders for further details.
]]></system-err>
  </testcase>
  <testcase name="tc02_EnglishOptionVisible" classname="scanner.LanguageScreenTest" time="9.458">
    <system-out><![CDATA[
===== TC02: English Option Visible =====
English by id: true | by text: true
PASS — English option visible
]]></system-out>
  </testcase>
  <testcase name="tc03_EnglishSelectable" classname="scanner.LanguageScreenTest" time="9.889">
    <system-out><![CDATA[
===== TC03: English Selectable =====
English selected: true
PASS — English selected
]]></system-out>
  </testcase>
  <testcase name="tc04_NextButtonPresent" classname="scanner.LanguageScreenTest" time="11.886">
    <system-out><![CDATA[
===== TC04: Next Button Present =====
Next by id: false | by text: true
PASS — Next button present
]]></system-out>
  </testcase>
  <testcase name="tc05_NextNavigatesAway" classname="scanner.LanguageScreenTest" time="12.722">
    <system-out><![CDATA[
===== TC05: Next Navigates Away =====
After Next: .activity.HelpUsActivity
PASS — navigated to: .activity.HelpUsActivity
]]></system-out>
  </testcase>
  <testcase name="tc06_Online_LanguageWorks" classname="scanner.LanguageScreenTest" time="259.707">
    <system-out><![CDATA[
===== TC06: ONLINE — Language Normal Flow =====
Language screen found: true | Activity: .newcode.activity.LanguageActivity
PASS — online: navigated to: .activity.HelpUsActivity
]]></system-out>
  </testcase>
  <testcase name="tc07_Offline_LanguageLoads" classname="scanner.LanguageScreenTest" time="262.219">
    <system-out><![CDATA[
===== TC07: OFFLINE — Language Loads =====
✈ Airplane mode ON
Language screen found offline: true | .newcode.activity.LanguageActivity
PASS — language screen loaded offline
✈ Airplane mode OFF
]]></system-out>
  </testcase>
  <testcase name="tc08_Offline_SelectAndNext" classname="scanner.LanguageScreenTest" time="265.974">
    <system-out><![CDATA[
===== TC08: OFFLINE — Select English & Next =====
✈ Airplane mode ON
[OFFLINE] After Next: .activity.HelpUsActivity
PASS — offline: navigated to: .activity.HelpUsActivity
✈ Airplane mode OFF
]]></system-out>
  </testcase>
  <testcase name="tc09_Reconnect_LanguageWorks" classname="scanner.LanguageScreenTest" time="266.578">
    <system-out><![CDATA[
===== TC09: RECONNECT — Offline → Online =====
✈ Airplane mode ON
✈ Airplane mode OFF
Language after reconnect: true | .newcode.activity.LanguageActivity
PASS — reconnect: navigated to: .activity.HelpUsActivity
]]></system-out>
  </testcase>
  <testcase name="tc10_Relaunch_LanguageEveryTime" classname="scanner.LanguageScreenTest" time="262.845">
    <system-out><![CDATA[
===== TC10: RELAUNCH — Language on Every Fresh Launch =====
First launch language: true
Second launch language: true
PASS — language screen appears on every fresh launch
]]></system-out>
  </testcase>
</testsuite>