<?xml version="1.0" encoding="UTF-8"?>
<testsuite xmlns:xsi="http://www.w3.org/2001/XMLSchema-instance" xsi:noNamespaceSchemaLocation="https://maven.apache.org/surefire/maven-surefire-plugin/xsd/surefire-test-report-3.0.xsd" version="3.0" name="scanner.OnboardingScreenTest" time="2502.108" tests="13" errors="0" skipped="0" failures="0">
  <properties>
[...]
</properties>
  <testcase name="tc01_SplashLaunched" classname="scanner.OnboardingScreenTest" time="0.518">
    <system-out><![CDATA[Device: 10BG3702ZC0021T

===== TC01: Splash Launched =====
Activity: .newcode.activity.Splashscreen
PASS — .newcode.activity.Splashscreen
]]></system-out>
    <system-err><![CDATA[SLF4J: No SLF4J providers were found.
SLF4J: Defaulting to no-operation (NOP) logger implementation
SLF4J: See https://www.slf4j.org/codes.html#noProviders for further details.
]]></system-err>
  </testcase>
  <testcase name="tc02_SplashTransitions" classname="scanner.OnboardingScreenTest" time="2.011">
    <system-out><![CDATA[
===== TC02: Splash Transitions =====
Transitioned: true in 1873ms → .newcode.activity.LanguageActivity
PASS — 1873ms
]]></system-out>
  </testcase>
  <testcase name="tc03_SubscriptionDismissed" classname="scanner.OnboardingScreenTest" time="2.742">
    <system-out><![CDATA[
===== TC03: Subscription Dismiss =====
After dismiss: .newcode.activity.LanguageActivity
PASS — .newcode.activity.LanguageActivity
]]></system-out>
  </testcase>
  <testcase name="tc04_LanguageEnglishNext" classname="scanner.OnboardingScreenTest" time="2.941">
    <system-out><![CDATA[
===== TC04: Language → English → Next =====
PASS — navigated to: .activity.HelpUsActivity
]]></system-out>
  </testcase>
  <testcase name="tc05_HelpUsAndContinue" classname="scanner.OnboardingScreenTest" time="185.238">
    <system-out><![CDATA[
===== TC05: HelpUs → Continue =====
HelpUs found: true | .activity.HelpUsActivity
After HelpUs: .activity.NewOnBoardingMainActivity
PASS — .activity.NewOnBoardingMainActivity
]]></system-out>
  </testcase>
  <testcase name="tc06_OnboardSlide1Next" classname="scanner.OnboardingScreenTest" time="2.397">
    <system-out><![CDATA[
===== TC06: Onboarding Slide 1 → Next =====
.activity.NewOnBoardingMainActivity → .activity.NewOnBoardingMainActivity
PASS — .activity.NewOnBoardingMainActivity
]]></system-out>
  </testcase>
  <testcase name="tc07_OnboardSlide2AdWait" classname="scanner.OnboardingScreenTest" time="10.102">
    <system-out><![CDATA[
===== TC07: Onboarding Slide 2 + Ad =====
Waiting up to 15s for ad to finish...
After ad wait: .activity.NewOnBoardingMainActivity
PASS — .activity.NewOnBoardingMainActivity
]]></system-out>
  </testcase>
  <testcase name="tc08_GetStarted" classname="scanner.OnboardingScreenTest" time="115.073">
    <system-out><![CDATA[
===== TC08: Get Started =====
After Get Started: .activity.NewOnBoardingMainActivity
PASS — .activity.NewOnBoardingMainActivity
]]></system-out>
  </testcase>
  <testcase name="tc09_PermissionsAndHome" classname="scanner.OnboardingScreenTest" time="11.909">
    <system-out><![CDATA[
===== TC09: Permissions + Home =====
PASS — Home reached: .activity.NewOnBoardingMainActivity
]]></system-out>
  </testcase>
  <testcase name="tc10_Online_FullFlow" classname="scanner.OnboardingScreenTest" time="1003.281">
    <system-out><![CDATA[
===== TC10: ONLINE — Full Flow =====
Online final: .newcode.activity.LanguageActivity
PASS — online home: .newcode.activity.LanguageActivity
]]></system-out>
  </testcase>
  <testcase name="tc11_Offline_OnboardingLoads" classname="scanner.OnboardingScreenTest" time="261.957">
    <system-out><![CDATA[
===== TC11: OFFLINE — Onboarding Loads =====
✈ Airplane ON
Offline activity: .newcode.activity.LanguageActivity
PASS — offline: .newcode.activity.LanguageActivity
✈ Airplane OFF
]]></system-out>
  </testcase>
  <testcase name="tc12_Reconnect_OnboardingWorks" classname="scanner.OnboardingScreenTest" time="631.634">
    <system-out><![CDATA[
===== TC12: RECONNECT — Offline → Online =====
✈ Airplane ON
✈ Airplane OFF
Reconnect final: .activity.NewOnBoardingMainActivity
PASS — reconnect home: .activity.NewOnBoardingMainActivity
]]></system-out>
  </testcase>
  <testcase name="tc13_Relaunch_OnboardingRestarts" classname="scanner.OnboardingScreenTest" time="263.698">
    <system-out><![CDATA[
===== TC13: RELAUNCH — Fresh Launch =====
1st launch Language: true
2nd launch Language: true
PASS — onboarding restarts each fresh launch
]]></system-out>
  </testcase>
</testsuite>