<?xml version="1.0" encoding="UTF-8"?>
<testsuite xmlns:xsi="http://www.w3.org/2001/XMLSchema-instance" xsi:noNamespaceSchemaLocation="https://maven.apache.org/surefire/maven-surefire-plugin/xsd/surefire-test-report-3.0.xsd" version="3.0" name="scanner.SplashScreenTest" time="332.826" tests="8" errors="0" skipped="0" failures="0">
  <properties>
[...]
</properties>
  <testcase name="tc01_SplashActivityLaunches" classname="scanner.SplashScreenTest" time="7.166">
    <system-out><![CDATA[Device: 10BG3702ZC0021T

===== TC01: Splash Activity Launches =====
Current activity: .newcode.activity.Splashscreen
PASS — activity: .newcode.activity.Splashscreen
]]></system-out>
    <system-err><![CDATA[SLF4J: No SLF4J providers were found.
SLF4J: Defaulting to no-operation (NOP) logger implementation
SLF4J: See https://www.slf4j.org/codes.html#noProviders for further details.
]]></system-err>
  </testcase>
  <testcase name="tc02_SplashAutoTransitions" classname="scanner.SplashScreenTest" time="7.645">
    <system-out><![CDATA[
===== TC02: Splash Auto-Transition =====
Transitioned: true in 2491ms
New activity: .newcode.activity.LanguageActivity
PASS — transition in 2491ms
]]></system-out>
  </testcase>
  <testcase name="tc03_SplashDurationAcceptable" classname="scanner.SplashScreenTest" time="7.021">
    <system-out><![CDATA[
===== TC03: Splash Duration =====
Splash duration: 2450ms
PASS — duration: 2450ms
]]></system-out>
  </testcase>
  <testcase name="tc04_Online_SplashTransitionsNormally" classname="scanner.SplashScreenTest" time="9.445">
    <system-out><![CDATA[
===== TC04: ONLINE — Splash Normal Flow =====
Online transition: true → .newcode.activity.LanguageActivity (2444ms)
PASS — landed on: .newcode.activity.LanguageActivity
]]></system-out>
  </testcase>
  <testcase name="tc05_Offline_SplashLoadsWithoutCrash" classname="scanner.SplashScreenTest" time="12.138">
    <system-out><![CDATA[
===== TC05: OFFLINE — Splash No Crash =====
✈ Airplane mode ON
Activity in offline: .newcode.activity.Splashscreen
PASS — splash launched offline: .newcode.activity.Splashscreen
✈ Airplane mode OFF
]]></system-out>
  </testcase>
  <testcase name="tc06_Offline_SplashNotStuck" classname="scanner.SplashScreenTest" time="14.607">
    <system-out><![CDATA[
===== TC06: OFFLINE — Splash Not Stuck =====
✈ Airplane mode ON
Offline transition: true → .newcode.activity.LanguageActivity (2428ms)
PASS — offline transition: 2428ms → .newcode.activity.LanguageActivity
✈ Airplane mode OFF
]]></system-out>
  </testcase>
  <testcase name="tc07_Reconnect_SplashAfterOfflineOnline" classname="scanner.SplashScreenTest" time="259.783">
    <system-out><![CDATA[
===== TC07: RECONNECT — Offline → Online =====
✈ Airplane mode ON
✈ Airplane mode OFF
Reconnect transition: true → .newcode.activity.LanguageActivity (2495ms)
PASS — reconnect ok: 2495ms → .newcode.activity.LanguageActivity
]]></system-out>
  </testcase>
  <testcase name="tc08_Relaunch_SplashOnEveryLaunch" classname="scanner.SplashScreenTest" time="13.301">
    <system-out><![CDATA[
===== TC08: RELAUNCH — Splash on Every Launch =====
First launch activity: .newcode.activity.Splashscreen
After first launch: .newcode.activity.LanguageActivity
Second launch activity: .newcode.activity.Splashscreen
PASS — re-launch ok: .newcode.activity.Splashscreen
]]></system-out>
  </testcase>
</testsuite>